0 info it worked if it ends with ok
1 verbose cli [ '/usr/local/Cellar/node/0.10.29/bin/node',
1 verbose cli   '/usr/local/bin/npm',
1 verbose cli   'install',
1 verbose cli   '--save',
1 verbose cli   'ckeditor' ]
2 info using npm@2.14.2
3 info using node@v4.0.0
4 verbose install initial load of /Users/alexose/ssa-experiments/correspondence/package.json
5 warn package.json correspondence@1.0.0 No repository field.
6 verbose installManyTop reading scoped package data from /Users/alexose/ssa-experiments/correspondence/node_modules/brace/package.json
7 verbose installManyTop reading scoped package data from /Users/alexose/ssa-experiments/correspondence/node_modules/brfs/package.json
8 verbose installManyTop reading scoped package data from /Users/alexose/ssa-experiments/correspondence/node_modules/handlebars/package.json
9 verbose installManyTop reading scoped package data from /Users/alexose/ssa-experiments/correspondence/node_modules/jquery/package.json
10 verbose installManyTop reading scoped package data from /Users/alexose/ssa-experiments/correspondence/node_modules/trumbowyg/package.json
11 verbose installManyTop reading scoped package data from /Users/alexose/ssa-experiments/correspondence/node_modules/watchify/package.json
12 info package.json jquery@2.1.4 No license field.
13 verbose readDependencies loading dependencies from /Users/alexose/ssa-experiments/correspondence/package.json
14 silly cache add args [ 'ckeditor', null ]
15 verbose cache add spec ckeditor
16 silly cache add parsed spec Result {
16 silly cache add   raw: 'ckeditor',
16 silly cache add   scope: null,
16 silly cache add   name: 'ckeditor',
16 silly cache add   rawSpec: '',
16 silly cache add   spec: '*',
16 silly cache add   type: 'range' }
17 silly addNamed ckeditor@*
18 verbose addNamed "*" is a valid semver range for ckeditor
19 silly addNameRange { name: 'ckeditor', range: '*', hasData: false }
20 silly mapToRegistry name ckeditor
21 silly mapToRegistry using default registry
22 silly mapToRegistry registry https://registry.npmjs.org/
23 silly mapToRegistry uri https://registry.npmjs.org/ckeditor
24 verbose addNameRange registry:https://registry.npmjs.org/ckeditor not in flight; fetching
25 verbose request uri https://registry.npmjs.org/ckeditor
26 verbose request no auth needed
27 info attempt registry request try #1 at 12:05:43 AM
28 verbose request using bearer token for auth
29 verbose request id 7ae1896082bb2d6f
30 http request GET https://registry.npmjs.org/ckeditor
31 http 404 https://registry.npmjs.org/ckeditor
32 verbose headers { 'content-type': 'application/json',
32 verbose headers   'cache-control': 'max-age=0',
32 verbose headers   'content-length': '2',
32 verbose headers   'accept-ranges': 'bytes',
32 verbose headers   date: 'Thu, 19 Nov 2015 05:05:43 GMT',
32 verbose headers   via: '1.1 varnish',
32 verbose headers   connection: 'keep-alive',
32 verbose headers   'x-served-by': 'cache-iad2137-IAD',
32 verbose headers   'x-cache': 'MISS',
32 verbose headers   'x-cache-hits': '0',
32 verbose headers   'x-timer': 'S1447909543.529557,VS0,VE348' }
33 silly get cb [ 404,
33 silly get   { 'content-type': 'application/json',
33 silly get     'cache-control': 'max-age=0',
33 silly get     'content-length': '2',
33 silly get     'accept-ranges': 'bytes',
33 silly get     date: 'Thu, 19 Nov 2015 05:05:43 GMT',
33 silly get     via: '1.1 varnish',
33 silly get     connection: 'keep-alive',
33 silly get     'x-served-by': 'cache-iad2137-IAD',
33 silly get     'x-cache': 'MISS',
33 silly get     'x-cache-hits': '0',
33 silly get     'x-timer': 'S1447909543.529557,VS0,VE348' } ]
34 verbose stack Error: Registry returned 404 for GET on https://registry.npmjs.org/ckeditor
34 verbose stack     at makeError (/usr/local/lib/node_modules/npm/node_modules/npm-registry-client/lib/request.js:263:12)
34 verbose stack     at CachingRegistryClient.<anonymous> (/usr/local/lib/node_modules/npm/node_modules/npm-registry-client/lib/request.js:241:14)
34 verbose stack     at Request._callback (/usr/local/lib/node_modules/npm/node_modules/npm-registry-client/lib/request.js:171:14)
34 verbose stack     at Request.self.callback (/usr/local/lib/node_modules/npm/node_modules/request/request.js:198:22)
34 verbose stack     at emitTwo (events.js:87:13)
34 verbose stack     at Request.emit (events.js:172:7)
34 verbose stack     at Request.<anonymous> (/usr/local/lib/node_modules/npm/node_modules/request/request.js:1073:14)
34 verbose stack     at emitOne (events.js:82:20)
34 verbose stack     at Request.emit (events.js:169:7)
34 verbose stack     at IncomingMessage.<anonymous> (/usr/local/lib/node_modules/npm/node_modules/request/request.js:1019:12)
35 verbose statusCode 404
36 verbose pkgid ckeditor
37 verbose cwd /Users/alexose/ssa-experiments/correspondence
38 error Darwin 14.5.0
39 error argv "/usr/local/Cellar/node/0.10.29/bin/node" "/usr/local/bin/npm" "install" "--save" "ckeditor"
40 error node v4.0.0
41 error npm  v2.14.2
42 error code E404
43 error 404 Registry returned 404 for GET on https://registry.npmjs.org/ckeditor
43 error 404
43 error 404 'ckeditor' is not in the npm registry.
43 error 404 You should bug the author to publish it (or use the name yourself!)
43 error 404 It was specified as a dependency of 'correspondence'
43 error 404
43 error 404 Note that you can also install from a
43 error 404 tarball, folder, http url, or git url.
44 verbose exit [ 1, true ]
